     1 00000000                                 ; haribote-os boot asm
     2 00000000                                 ; TAB=4
     3 00000000                                 
     4 00000000                                 [INSTRSET "i486p"]
     5 00000000                                 
     6  = 00000105                              VBEMODE	EQU		0x105			; 1024 x  768 x 8bitカラー
     7 00000000                                 ; （画面モード一覧）
     8 00000000                                 ;	0x100 :  640 x  400 x 8bitカラー
     9 00000000                                 ;	0x101 :  640 x  480 x 8bitカラー
    10 00000000                                 ;	0x103 :  800 x  600 x 8bitカラー
    11 00000000                                 ;	0x105 : 1024 x  768 x 8bitカラー
    12 00000000                                 ;	0x107 : 1280 x 1024 x 8bitカラー
    13 00000000                                 
    14  = 00280000                              BOTPAK	EQU		0x00280000		; bootpackのロード先
    15  = 00100000                              DSKCAC	EQU		0x00100000		; ディスクキャッシュの場所
    16  = 00008000                              DSKCAC0	EQU		0x00008000		; ディスクキャッシュの場所（リアルモード）
    17 00000000                                 
    18 00000000                                 ; BOOT_INFO関係
    19  = 00000FF0                              CYLS	EQU		0x0ff0			; ブートセクタが設定する
    20  = 00000FF1                              LEDS	EQU		0x0ff1
    21  = 00000FF2                              VMODE	EQU		0x0ff2			; 色数に関する情報。何ビットカラーか？
    22  = 00000FF4                              SCRNX	EQU		0x0ff4			; 解像度のX
    23  = 00000FF6                              SCRNY	EQU		0x0ff6			; 解像度のY
    24  = 00000FF8                              VRAM	EQU		0x0ff8			; グラフィックバッファの開始番地
    25 00000000                                 
    26                                          		ORG		0xc200			; このプログラムがどこに読み込まれるのか
    27 0000C200                                 
    28 0000C200                                 ; 画面モードを設定
    29 0000C200                                 
    30 0000C200                                 
    31 0000C200                                 		;MOV		AL,0x13			; VGAグラフィックス、320x200x8bitカラー
    32 0000C200                                 		;MOV		AH,0x00
    33 0000C200 B8 9000                         		MOV		AX,0x9000
    34 0000C203 8E C0                           		MOV		ES,AX
    35 0000C205 BF 0000                         		MOV		DI,0
    36 0000C208 B8 4F00                         		MOV		AX,0x4f00
    37 0000C20B CD 10                           		INT		0x10
    38 0000C20D 3D 004F                         		CMP		AX,0x004f
    39 0000C210 75 61                           		JNE		scrn320
    40 0000C212                                 
    41 0000C212                                 ; VBEのバージョンチェック
    42 0000C212                                 
    43 0000C212 26 8B 45 04                     		MOV		AX,[ES:DI+4]
    44 0000C216 3D 0200                         		CMP		AX,0x0200
    45 0000C219 72 58                           		JB		scrn320			; if (AX < 0x0200) goto scrn320
    46 0000C21B                                 
    47 0000C21B                                 ; 画面モード情報を得る
    48 0000C21B                                 
    49 0000C21B B9 0105                         		MOV		CX,VBEMODE
    50 0000C21E B8 4F01                         		MOV		AX,0x4f01
    51 0000C221 CD 10                           		INT		0x10
    52 0000C223 3D 004F                         		CMP		AX,0x004f
    53 0000C226 75 4B                           		JNE		scrn320
    54 0000C228                                 
    55 0000C228                                 ; 画面モード情報の確認
    56 0000C228                                 
    57 0000C228 26 80 7D 19 08                  		CMP		BYTE [ES:DI+0x19],8
    58 0000C22D 75 44                           		JNE		scrn320
    59 0000C22F 26 80 7D 1B 04                  		CMP		BYTE [ES:DI+0x1b],4
    60 0000C234 75 3D                           		JNE		scrn320
    61 0000C236 26 8B 05                        		MOV		AX,[ES:DI+0x00]
    62 0000C239 25 0080                         		AND		AX,0x0080
    63 0000C23C 74 35                           		JZ		scrn320			; モード属性のbit7が0だったのであきらめる
    64 0000C23E                                 
    65 0000C23E                                 ; 画面モードの切り替え
    66 0000C23E                                 
    67 0000C23E BB 4101                         		MOV		BX,	0x4101
    68 0000C241 B8 4F02                         		MOV		AX,	0x4f02
    69 0000C244 CD 10                           		INT		0x10
    70 0000C246 C6 06 0FF2 08                   		MOV		BYTE [VMODE],8	; 画面モードをメモする（C言語が参照する）
    71 0000C24B 26 8B 45 12                     		MOV		AX,[ES:DI+0x12]
    72 0000C24F C7 06 0FF4 0280                 		MOV		WORD [SCRNX],640
    73 0000C255 26 8B 45 14                     		MOV		AX,[ES:DI+0x14]
    74 0000C259 C7 06 0FF6 01E0                 		MOV		WORD [SCRNY],480
    75 0000C25F 66 C7 06 0FF8 E0000000          		MOV		DWORD [VRAM],0xe0000000
    76 0000C268 66 26 8B 45 28                  		MOV		EAX,[ES:DI+0x28]
    77 0000C26D 66 A3 0FF8                      		MOV		[VRAM],EAX
    78 0000C271 EB 20                           		JMP		keystatus
    79 0000C273                                 
    80 0000C273                                 scrn320:
    81 0000C273 B0 13                           		MOV		AL,0x13			; VGAグラフィックス、320x200x8bitカラー
    82 0000C275 B4 00                           		MOV		AH,0x00
    83 0000C277 CD 10                           		INT		0x10
    84 0000C279 C6 06 0FF2 08                   		MOV		BYTE [VMODE],8	; 画面モードをメモする（C言語が参照する）
    85 0000C27E C7 06 0FF4 0140                 		MOV		WORD [SCRNX],320
    86 0000C284 C7 06 0FF6 00C8                 		MOV		WORD [SCRNY],200
    87 0000C28A 66 C7 06 0FF8 000A0000          		MOV		DWORD [VRAM],0x000a0000
    88 0000C293                                 
    89 0000C293                                 ; キーボードのLED状態をBIOSに教えてもらう
    90 0000C293                                 
    91 0000C293                                 keystatus:
    92 0000C293 B4 02                           		MOV		AH,0x02
    93 0000C295 CD 16                           		INT		0x16 			; keyboard BIOS
    94 0000C297 A2 0FF1                         		MOV		[LEDS],AL
    95 0000C29A                                 
    96 0000C29A                                 ; PICが一切の割り込みを受け付けないようにする
    97 0000C29A                                 ;	AT互換機の仕様では、PICの初期化をするなら、
    98 0000C29A                                 ;	こいつをCLI前にやっておかないと、たまにハングアップする
    99 0000C29A                                 ;	PICの初期化はあとでやる
   100 0000C29A                                 
   101 0000C29A B0 FF                           		MOV		AL,0xff
   102 0000C29C E6 21                           		OUT		0x21,AL
   103 0000C29E 90                              		NOP						; OUT命令を連続させるとうまくいかない機種があるらしいので
   104 0000C29F E6 A1                           		OUT		0xa1,AL
   105 0000C2A1                                 
   106 0000C2A1 FA                              		CLI						; さらにCPUレベルでも割り込み禁止
   107 0000C2A2                                 
   108 0000C2A2                                 ; CPUから1MB以上のメモリにアクセスできるように、A20GATEを設定
   109 0000C2A2                                 
   110 0000C2A2 E8 00B5                         		CALL	waitkbdout
   111 0000C2A5 B0 D1                           		MOV		AL,0xd1
   112 0000C2A7 E6 64                           		OUT		0x64,AL
   113 0000C2A9 E8 00AE                         		CALL	waitkbdout
   114 0000C2AC B0 DF                           		MOV		AL,0xdf			; enable A20
   115 0000C2AE E6 60                           		OUT		0x60,AL
   116 0000C2B0 E8 00A7                         		CALL	waitkbdout
   117 0000C2B3                                 
   118 0000C2B3                                 ; プロテクトモード移行
   119 0000C2B3                                 
   120 0000C2B3                                 [INSTRSET "i486p"]				; 486の命令まで使いたいという記述
   121 0000C2B3                                 
   122 0000C2B3 0F 01 16 C39A                   		LGDT	[GDTR0]			; 暫定GDTを設定
   123 0000C2B8 0F 20 C0                        		MOV		EAX,CR0
   124 0000C2BB 66 25 7FFFFFFF                  		AND		EAX,0x7fffffff	; bit31を0にする（ページング禁止のため）
   125 0000C2C1 66 83 C8 01                     		OR		EAX,0x00000001	; bit0を1にする（プロテクトモード移行のため）
   126 0000C2C5 0F 22 C0                        		MOV		CR0,EAX
   127 0000C2C8 EB 00                           		JMP		pipelineflush
   128 0000C2CA                                 pipelineflush:
   129 0000C2CA B8 0008                         		MOV		AX,1*8			;  読み書き可能セグメント32bit
   130 0000C2CD 8E D8                           		MOV		DS,AX
   131 0000C2CF 8E C0                           		MOV		ES,AX
   132 0000C2D1 8E E0                           		MOV		FS,AX
   133 0000C2D3 8E E8                           		MOV		GS,AX
   134 0000C2D5 8E D0                           		MOV		SS,AX
   135 0000C2D7                                 
   136 0000C2D7                                 ; bootpackの転送
   137 0000C2D7                                 
   138 0000C2D7 66 BE 0000C3A0                  		MOV		ESI,bootpack	; 転送元
   139 0000C2DD 66 BF 00280000                  		MOV		EDI,BOTPAK		; 転送先
   140 0000C2E3 66 B9 00020000                  		MOV		ECX,512*1024/4
   141 0000C2E9 E8 0075                         		CALL	memcpy
   142 0000C2EC                                 
   143 0000C2EC                                 ; ついでにディスクデータも本来の位置へ転送
   144 0000C2EC                                 
   145 0000C2EC                                 ; まずはブートセクタから
   146 0000C2EC                                 
   147 0000C2EC 66 BE 00007C00                  		MOV		ESI,0x7c00		; 転送元
   148 0000C2F2 66 BF 00100000                  		MOV		EDI,DSKCAC		; 転送先
   149 0000C2F8 66 B9 00000080                  		MOV		ECX,512/4
   150 0000C2FE E8 0060                         		CALL	memcpy
   151 0000C301                                 
   152 0000C301                                 ; 残り全部
   153 0000C301                                 
   154 0000C301 66 BE 00008200                  		MOV		ESI,DSKCAC0+512	; 転送元
   155 0000C307 66 BF 00100200                  		MOV		EDI,DSKCAC+512	; 転送先
   156 0000C30D 66 B9 00000000                  		MOV		ECX,0
   157 0000C313 8A 0E 0FF0                      		MOV		CL,BYTE [CYLS]
   158 0000C317 66 69 C9 00001200               		IMUL	ECX,512*18*2/4	; シリンダ数からバイト数/4に変換
   159 0000C31E 66 81 E9 00000080               		SUB		ECX,512/4		; IPLの分だけ差し引く
   160 0000C325 E8 0039                         		CALL	memcpy
   161 0000C328                                 
   162 0000C328                                 ; asmheadでしなければいけないことは全部し終わったので、
   163 0000C328                                 ;	あとはbootpackに任せる
   164 0000C328                                 
   165 0000C328                                 ; bootpackの起動
   166 0000C328                                 
   167 0000C328 66 BB 00280000                  		MOV		EBX,BOTPAK
   168 0000C32E 67 66 8B 4B 10                  		MOV		ECX,[EBX+16]
   169 0000C333 66 83 C1 03                     		ADD		ECX,3			; ECX += 3;
   170 0000C337 66 C1 E9 02                     		SHR		ECX,2			; ECX /= 4;
   171 0000C33B 74 10                           		JZ		skip			; 転送するべきものがない
   172 0000C33D 67 66 8B 73 14                  		MOV		ESI,[EBX+20]	; 転送元
   173 0000C342 66 01 DE                        		ADD		ESI,EBX
   174 0000C345 67 66 8B 7B 0C                  		MOV		EDI,[EBX+12]	; 転送先
   175 0000C34A E8 0014                         		CALL	memcpy
   176 0000C34D                                 skip:
   177 0000C34D 67 66 8B 63 0C                  		MOV		ESP,[EBX+12]	; スタック初期値
   178 0000C352 66 EA 0000001B 0010             		JMP		DWORD 2*8:0x0000001b
   179 0000C35A                                 
   180 0000C35A                                 waitkbdout:
   181 0000C35A E4 64                           		IN		 AL,0x64
   182 0000C35C 24 02                           		AND		 AL,0x02
   183 0000C35E 75 FA                           		JNZ		waitkbdout		; ANDの結果が0でなければwaitkbdoutへ
   184 0000C360 C3                              		RET
   185 0000C361                                 
   186 0000C361                                 memcpy:
   187 0000C361 67 66 8B 06                     		MOV		EAX,[ESI]
   188 0000C365 66 83 C6 04                     		ADD		ESI,4
   189 0000C369 67 66 89 07                     		MOV		[EDI],EAX
   190 0000C36D 66 83 C7 04                     		ADD		EDI,4
   191 0000C371 66 83 E9 01                     		SUB		ECX,1
   192 0000C375 75 EA                           		JNZ		memcpy			; 引き算した結果が0でなければmemcpyへ
   193 0000C377 C3                              		RET
   194 0000C378                                 ; memcpyはアドレスサイズプリフィクスを入れ忘れなければ、ストリング命令でも書ける
   195 0000C378                                 
   196 0000C378 00 00 00 00 00 00 00 00         		ALIGNB	16
   197 0000C380                                 GDT0:
   198 0000C380 00 00 00 00 00 00 00 00         		RESB	8				; ヌルセレクタ
   199 0000C388 FFFF 0000 9200 00CF             		DW		0xffff,0x0000,0x9200,0x00cf	; 読み書き可能セグメント32bit
   200 0000C390 FFFF 0000 9A28 0047             		DW		0xffff,0x0000,0x9a28,0x0047	; 実行可能セグメント32bit（bootpack用）
   201 0000C398                                 
   202 0000C398 0000                            		DW		0
   203 0000C39A                                 GDTR0:
   204 0000C39A 0017                            		DW		8*3-1
   205 0000C39C 0000C380                        		DD		GDT0
   206 0000C3A0                                 
   207 0000C3A0                                 		ALIGNB	16
   208 0000C3A0                                 bootpack:
