     1 00000000                                 [FORMAT "WCOFF"]
     2 00000000                                 [INSTRSET "i486p"]
     3 00000000                                 [OPTIMIZE 1]
     4 00000000                                 [OPTION 1]
     5 00000000                                 [BITS 32]
     6 00000000                                 	EXTERN	_init_gdtidt
     7 00000000                                 	EXTERN	_init_pic
     8 00000000                                 	EXTERN	_io_sti
     9 00000000                                 	EXTERN	_keyfifo
    10 00000000                                 	EXTERN	_fifo8_init
    11 00000000                                 	EXTERN	_mousefifo
    12 00000000                                 	EXTERN	_io_out8
    13 00000000                                 	EXTERN	_init_keyboard
    14 00000000                                 	EXTERN	_enable_mouse
    15 00000000                                 	EXTERN	_memtest
    16 00000000                                 	EXTERN	_memman_init
    17 00000000                                 	EXTERN	_memman_free
    18 00000000                                 	EXTERN	_init_palette
    19 00000000                                 	EXTERN	_shtctl_init
    20 00000000                                 	EXTERN	_sheet_alloc
    21 00000000                                 	EXTERN	_memman_alloc_4k
    22 00000000                                 	EXTERN	_sheet_setbuf
    23 00000000                                 	EXTERN	_init_screen8
    24 00000000                                 	EXTERN	_init_mouse_cursor8
    25 00000000                                 	EXTERN	_sheet_slide
    26 00000000                                 	EXTERN	_sheet_updown
    27 00000000                                 	EXTERN	_sprintf
    28 00000000                                 	EXTERN	_putfonts8_asc
    29 00000000                                 	EXTERN	_memman_total
    30 00000000                                 	EXTERN	_sheet_refresh
    31 00000000                                 	EXTERN	_io_cli
    32 00000000                                 	EXTERN	_fifo8_status
    33 00000000                                 	EXTERN	_fifo8_get
    34 00000000                                 	EXTERN	_mouse_decode
    35 00000000                                 	EXTERN	_boxfill8
    36 00000000                                 	EXTERN	_io_stihlt
    37 00000000                                 [FILE "bootpack.c"]
    38                                          [SECTION .data]
    39 00000000                                 LC0:
    40 00000000 28 25 33 64 2C 20 25 33 64 29   	DB	"(%3d, %3d)",0x00
       0000000A 00 
    41 0000000B                                 LC1:
    42 0000000B 6D 65 6D 6F 72 79 20 25 64 4D   	DB	"memory %dMB free: %dKB",0x00
       00000015 42 20 66 72 65 65 3A 20 25 64 
       0000001F 4B 42 00 
    43 00000022                                 LC3:
    44 00000022 5B 6C 63 72 20 25 34 64 20 25   	DB	"[lcr %4d %4d]",0x00
       0000002C 34 64 5D 00 
    45 00000030                                 LC2:
    46 00000030 25 30 32 58 00                  	DB	"%02X",0x00
    47                                          [SECTION .text]
    48 00000000                                 	GLOBAL	_HariMain
    49 00000000                                 _HariMain:
    50 00000000 55                              	PUSH	EBP
    51 00000001 89 E5                           	MOV	EBP,ESP
    52 00000003 57                              	PUSH	EDI
    53 00000004 56                              	PUSH	ESI
    54 00000005 53                              	PUSH	EBX
    55 00000006 81 EC 000001F0                  	SUB	ESP,496
    56 0000000C E8 [00000000]                   	CALL	_init_gdtidt
    57 00000011 E8 [00000000]                   	CALL	_init_pic
    58 00000016 E8 [00000000]                   	CALL	_io_sti
    59 0000001B 8D 45 A4                        	LEA	EAX,DWORD [-92+EBP]
    60 0000001E 50                              	PUSH	EAX
    61 0000001F 6A 20                           	PUSH	32
    62 00000021 68 [00000000]                   	PUSH	_keyfifo
    63 00000026 E8 [00000000]                   	CALL	_fifo8_init
    64 0000002B 8D 85 FFFFFF24                  	LEA	EAX,DWORD [-220+EBP]
    65 00000031 50                              	PUSH	EAX
    66 00000032 68 00000080                     	PUSH	128
    67 00000037 68 [00000000]                   	PUSH	_mousefifo
    68 0000003C E8 [00000000]                   	CALL	_fifo8_init
    69 00000041 68 000000F9                     	PUSH	249
    70 00000046 6A 21                           	PUSH	33
    71 00000048 E8 [00000000]                   	CALL	_io_out8
    72 0000004D 83 C4 20                        	ADD	ESP,32
    73 00000050 68 000000EF                     	PUSH	239
    74 00000055 68 000000A1                     	PUSH	161
    75 0000005A E8 [00000000]                   	CALL	_io_out8
    76 0000005F E8 [00000000]                   	CALL	_init_keyboard
    77 00000064 8D 85 FFFFFF14                  	LEA	EAX,DWORD [-236+EBP]
    78 0000006A 50                              	PUSH	EAX
    79 0000006B E8 [00000000]                   	CALL	_enable_mouse
    80 00000070 68 BFFFFFFF                     	PUSH	-1073741825
    81 00000075 68 00400000                     	PUSH	4194304
    82 0000007A E8 [00000000]                   	CALL	_memtest
    83 0000007F 68 0003C000                     	PUSH	245760
    84 00000084 89 C3                           	MOV	EBX,EAX
    85 00000086 E8 [00000000]                   	CALL	_memman_init
    86 0000008B 68 0009E000                     	PUSH	647168
    87 00000090 68 00001000                     	PUSH	4096
    88 00000095 68 0003C000                     	PUSH	245760
    89 0000009A E8 [00000000]                   	CALL	_memman_free
    90 0000009F 8D 83 FFC00000                  	LEA	EAX,DWORD [-4194304+EBX]
    91 000000A5 83 C4 24                        	ADD	ESP,36
    92 000000A8 50                              	PUSH	EAX
    93 000000A9 68 00400000                     	PUSH	4194304
    94 000000AE 68 0003C000                     	PUSH	245760
    95 000000B3 E8 [00000000]                   	CALL	_memman_free
    96 000000B8 E8 [00000000]                   	CALL	_init_palette
    97 000000BD 0F BF 05 00000FF6               	MOVSX	EAX,WORD [4086]
    98 000000C4 50                              	PUSH	EAX
    99 000000C5 0F BF 05 00000FF4               	MOVSX	EAX,WORD [4084]
   100 000000CC 50                              	PUSH	EAX
   101 000000CD FF 35 00000FF8                  	PUSH	DWORD [4088]
   102 000000D3 68 0003C000                     	PUSH	245760
   103 000000D8 E8 [00000000]                   	CALL	_shtctl_init
   104 000000DD 89 C3                           	MOV	EBX,EAX
   105 000000DF 50                              	PUSH	EAX
   106 000000E0 E8 [00000000]                   	CALL	_sheet_alloc
   107 000000E5 83 C4 20                        	ADD	ESP,32
   108 000000E8 53                              	PUSH	EBX
   109 000000E9 89 85 FFFFFE10                  	MOV	DWORD [-496+EBP],EAX
   110 000000EF 8D 9D FFFFFE14                  	LEA	EBX,DWORD [-492+EBP]
   111 000000F5 E8 [00000000]                   	CALL	_sheet_alloc
   112 000000FA 0F BF 15 00000FF6               	MOVSX	EDX,WORD [4086]
   113 00000101 89 85 FFFFFE0C                  	MOV	DWORD [-500+EBP],EAX
   114 00000107 0F BF 05 00000FF4               	MOVSX	EAX,WORD [4084]
   115 0000010E 0F AF C2                        	IMUL	EAX,EDX
   116 00000111 50                              	PUSH	EAX
   117 00000112 68 0003C000                     	PUSH	245760
   118 00000117 E8 [00000000]                   	CALL	_memman_alloc_4k
   119 0000011C 6A FF                           	PUSH	-1
   120 0000011E 89 85 FFFFFE08                  	MOV	DWORD [-504+EBP],EAX
   121 00000124 0F BF 05 00000FF6               	MOVSX	EAX,WORD [4086]
   122 0000012B 50                              	PUSH	EAX
   123 0000012C 0F BF 05 00000FF4               	MOVSX	EAX,WORD [4084]
   124 00000133 50                              	PUSH	EAX
   125 00000134 FF B5 FFFFFE08                  	PUSH	DWORD [-504+EBP]
   126 0000013A FF B5 FFFFFE10                  	PUSH	DWORD [-496+EBP]
   127 00000140 E8 [00000000]                   	CALL	_sheet_setbuf
   128 00000145 83 C4 20                        	ADD	ESP,32
   129 00000148 6A 63                           	PUSH	99
   130 0000014A 6A 10                           	PUSH	16
   131 0000014C 6A 10                           	PUSH	16
   132 0000014E 53                              	PUSH	EBX
   133 0000014F FF B5 FFFFFE0C                  	PUSH	DWORD [-500+EBP]
   134 00000155 E8 [00000000]                   	CALL	_sheet_setbuf
   135 0000015A 0F BF 05 00000FF6               	MOVSX	EAX,WORD [4086]
   136 00000161 50                              	PUSH	EAX
   137 00000162 0F BF 05 00000FF4               	MOVSX	EAX,WORD [4084]
   138 00000169 50                              	PUSH	EAX
   139 0000016A FF B5 FFFFFE08                  	PUSH	DWORD [-504+EBP]
   140 00000170 E8 [00000000]                   	CALL	_init_screen8
   141 00000175 83 C4 20                        	ADD	ESP,32
   142 00000178 6A 63                           	PUSH	99
   143 0000017A 53                              	PUSH	EBX
   144 0000017B BB 00000002                     	MOV	EBX,2
   145 00000180 E8 [00000000]                   	CALL	_init_mouse_cursor8
   146 00000185 6A 00                           	PUSH	0
   147 00000187 6A 00                           	PUSH	0
   148 00000189 FF B5 FFFFFE10                  	PUSH	DWORD [-496+EBP]
   149 0000018F E8 [00000000]                   	CALL	_sheet_slide
   150 00000194 0F BF 05 00000FF4               	MOVSX	EAX,WORD [4084]
   151 0000019B 8D 48 F0                        	LEA	ECX,DWORD [-16+EAX]
   152 0000019E 89 C8                           	MOV	EAX,ECX
   153 000001A0 99                              	CDQ
   154 000001A1 F7 FB                           	IDIV	EBX
   155 000001A3 89 C7                           	MOV	EDI,EAX
   156 000001A5 0F BF 05 00000FF6               	MOVSX	EAX,WORD [4086]
   157 000001AC 6A 00                           	PUSH	0
   158 000001AE 8D 48 D4                        	LEA	ECX,DWORD [-44+EAX]
   159 000001B1 89 C8                           	MOV	EAX,ECX
   160 000001B3 99                              	CDQ
   161 000001B4 F7 FB                           	IDIV	EBX
   162 000001B6 FF B5 FFFFFE10                  	PUSH	DWORD [-496+EBP]
   163 000001BC 89 C6                           	MOV	ESI,EAX
   164 000001BE 8D 5D C4                        	LEA	EBX,DWORD [-60+EBP]
   165 000001C1 E8 [00000000]                   	CALL	_sheet_updown
   166 000001C6 6A 01                           	PUSH	1
   167 000001C8 FF B5 FFFFFE0C                  	PUSH	DWORD [-500+EBP]
   168 000001CE E8 [00000000]                   	CALL	_sheet_updown
   169 000001D3 83 C4 24                        	ADD	ESP,36
   170 000001D6 56                              	PUSH	ESI
   171 000001D7 57                              	PUSH	EDI
   172 000001D8 FF B5 FFFFFE0C                  	PUSH	DWORD [-500+EBP]
   173 000001DE E8 [00000000]                   	CALL	_sheet_slide
   174 000001E3 56                              	PUSH	ESI
   175 000001E4 57                              	PUSH	EDI
   176 000001E5 68 [00000000]                   	PUSH	LC0
   177 000001EA 53                              	PUSH	EBX
   178 000001EB E8 [00000000]                   	CALL	_sprintf
   179 000001F0 53                              	PUSH	EBX
   180 000001F1 6A 07                           	PUSH	7
   181 000001F3 6A 00                           	PUSH	0
   182 000001F5 6A 00                           	PUSH	0
   183 000001F7 0F BF 05 00000FF4               	MOVSX	EAX,WORD [4084]
   184 000001FE 50                              	PUSH	EAX
   185 000001FF FF B5 FFFFFE08                  	PUSH	DWORD [-504+EBP]
   186 00000205 E8 [00000000]                   	CALL	_putfonts8_asc
   187 0000020A 83 C4 34                        	ADD	ESP,52
   188 0000020D 68 0003C000                     	PUSH	245760
   189 00000212 E8 [00000000]                   	CALL	_memman_total
   190 00000217 C1 E8 0A                        	SHR	EAX,10
   191 0000021A 89 04 24                        	MOV	DWORD [ESP],EAX
   192 0000021D 68 0003C000                     	PUSH	245760
   193 00000222 E8 [00000000]                   	CALL	_memman_total
   194 00000227 C1 E8 14                        	SHR	EAX,20
   195 0000022A 89 04 24                        	MOV	DWORD [ESP],EAX
   196 0000022D 68 [0000000B]                   	PUSH	LC1
   197 00000232 53                              	PUSH	EBX
   198 00000233 E8 [00000000]                   	CALL	_sprintf
   199 00000238 53                              	PUSH	EBX
   200 00000239 6A 07                           	PUSH	7
   201 0000023B 6A 20                           	PUSH	32
   202 0000023D 6A 00                           	PUSH	0
   203 0000023F 0F BF 05 00000FF4               	MOVSX	EAX,WORD [4084]
   204 00000246 50                              	PUSH	EAX
   205 00000247 FF B5 FFFFFE08                  	PUSH	DWORD [-504+EBP]
   206 0000024D E8 [00000000]                   	CALL	_putfonts8_asc
   207 00000252 83 C4 28                        	ADD	ESP,40
   208 00000255 6A 30                           	PUSH	48
   209 00000257 0F BF 05 00000FF4               	MOVSX	EAX,WORD [4084]
   210 0000025E 50                              	PUSH	EAX
   211 0000025F 6A 00                           	PUSH	0
   212 00000261 6A 00                           	PUSH	0
   213 00000263 FF B5 FFFFFE10                  	PUSH	DWORD [-496+EBP]
   214 00000269 E8 [00000000]                   	CALL	_sheet_refresh
   215 0000026E 83 C4 14                        	ADD	ESP,20
   216 00000271                                 L2:
   217 00000271 E8 [00000000]                   	CALL	_io_cli
   218 00000276 68 [00000000]                   	PUSH	_keyfifo
   219 0000027B E8 [00000000]                   	CALL	_fifo8_status
   220 00000280 68 [00000000]                   	PUSH	_mousefifo
   221 00000285 89 C3                           	MOV	EBX,EAX
   222 00000287 E8 [00000000]                   	CALL	_fifo8_status
   223 0000028C 8D 04 18                        	LEA	EAX,DWORD [EAX+EBX*1]
   224 0000028F 5B                              	POP	EBX
   225 00000290 5A                              	POP	EDX
   226 00000291 85 C0                           	TEST	EAX,EAX
   227 00000293 0F 84 00000210                  	JE	L18
   228 00000299 68 [00000000]                   	PUSH	_keyfifo
   229 0000029E E8 [00000000]                   	CALL	_fifo8_status
   230 000002A3 59                              	POP	ECX
   231 000002A4 85 C0                           	TEST	EAX,EAX
   232 000002A6 0F 85 00000188                  	JNE	L19
   233 000002AC 68 [00000000]                   	PUSH	_mousefifo
   234 000002B1 E8 [00000000]                   	CALL	_fifo8_status
   235 000002B6 5A                              	POP	EDX
   236 000002B7 85 C0                           	TEST	EAX,EAX
   237 000002B9 74 B6                           	JE	L2
   238 000002BB 68 [00000000]                   	PUSH	_mousefifo
   239 000002C0 E8 [00000000]                   	CALL	_fifo8_get
   240 000002C5 89 C3                           	MOV	EBX,EAX
   241 000002C7 E8 [00000000]                   	CALL	_io_sti
   242 000002CC 0F B6 C3                        	MOVZX	EAX,BL
   243 000002CF 50                              	PUSH	EAX
   244 000002D0 8D 85 FFFFFF14                  	LEA	EAX,DWORD [-236+EBP]
   245 000002D6 50                              	PUSH	EAX
   246 000002D7 E8 [00000000]                   	CALL	_mouse_decode
   247 000002DC 83 C4 0C                        	ADD	ESP,12
   248 000002DF 85 C0                           	TEST	EAX,EAX
   249 000002E1 74 8E                           	JE	L2
   250 000002E3 FF B5 FFFFFF1C                  	PUSH	DWORD [-228+EBP]
   251 000002E9 FF B5 FFFFFF18                  	PUSH	DWORD [-232+EBP]
   252 000002EF 68 [00000022]                   	PUSH	LC3
   253 000002F4 8D 5D C4                        	LEA	EBX,DWORD [-60+EBP]
   254 000002F7 53                              	PUSH	EBX
   255 000002F8 E8 [00000000]                   	CALL	_sprintf
   256 000002FD 83 C4 10                        	ADD	ESP,16
   257 00000300 8B 85 FFFFFF20                  	MOV	EAX,DWORD [-224+EBP]
   258 00000306 A9 00000001                     	TEST	EAX,1
   259 0000030B 74 04                           	JE	L11
   260 0000030D C6 45 C5 4C                     	MOV	BYTE [-59+EBP],76
   261 00000311                                 L11:
   262 00000311 A9 00000002                     	TEST	EAX,2
   263 00000316 74 04                           	JE	L12
   264 00000318 C6 45 C7 52                     	MOV	BYTE [-57+EBP],82
   265 0000031C                                 L12:
   266 0000031C 83 E0 04                        	AND	EAX,4
   267 0000031F 74 04                           	JE	L13
   268 00000321 C6 45 C6 43                     	MOV	BYTE [-58+EBP],67
   269 00000325                                 L13:
   270 00000325 6A 1F                           	PUSH	31
   271 00000327 68 00000097                     	PUSH	151
   272 0000032C 6A 10                           	PUSH	16
   273 0000032E 6A 20                           	PUSH	32
   274 00000330 6A 0E                           	PUSH	14
   275 00000332 0F BF 05 00000FF4               	MOVSX	EAX,WORD [4084]
   276 00000339 50                              	PUSH	EAX
   277 0000033A FF B5 FFFFFE08                  	PUSH	DWORD [-504+EBP]
   278 00000340 E8 [00000000]                   	CALL	_boxfill8
   279 00000345 53                              	PUSH	EBX
   280 00000346 6A 07                           	PUSH	7
   281 00000348 6A 10                           	PUSH	16
   282 0000034A 6A 20                           	PUSH	32
   283 0000034C 0F BF 05 00000FF4               	MOVSX	EAX,WORD [4084]
   284 00000353 50                              	PUSH	EAX
   285 00000354 FF B5 FFFFFE08                  	PUSH	DWORD [-504+EBP]
   286 0000035A E8 [00000000]                   	CALL	_putfonts8_asc
   287 0000035F 83 C4 34                        	ADD	ESP,52
   288 00000362 6A 20                           	PUSH	32
   289 00000364 68 00000098                     	PUSH	152
   290 00000369 6A 10                           	PUSH	16
   291 0000036B 6A 20                           	PUSH	32
   292 0000036D FF B5 FFFFFE10                  	PUSH	DWORD [-496+EBP]
   293 00000373 E8 [00000000]                   	CALL	_sheet_refresh
   294 00000378 83 C4 14                        	ADD	ESP,20
   295 0000037B 03 B5 FFFFFF1C                  	ADD	ESI,DWORD [-228+EBP]
   296 00000381 03 BD FFFFFF18                  	ADD	EDI,DWORD [-232+EBP]
   297 00000387 0F 88 000000A0                  	JS	L20
   298 0000038D                                 L14:
   299 0000038D 85 F6                           	TEST	ESI,ESI
   300 0000038F 0F 88 00000091                  	JS	L21
   301 00000395                                 L15:
   302 00000395 0F BF 05 00000FF4               	MOVSX	EAX,WORD [4084]
   303 0000039C 48                              	DEC	EAX
   304 0000039D 39 C7                           	CMP	EDI,EAX
   305 0000039F 7E 02                           	JLE	L16
   306 000003A1 89 C7                           	MOV	EDI,EAX
   307 000003A3                                 L16:
   308 000003A3 0F BF 15 00000FF6               	MOVSX	EDX,WORD [4086]
   309 000003AA 8D 42 FF                        	LEA	EAX,DWORD [-1+EDX]
   310 000003AD 39 C6                           	CMP	ESI,EAX
   311 000003AF 7E 03                           	JLE	L17
   312 000003B1 8D 72 FA                        	LEA	ESI,DWORD [-6+EDX]
   313 000003B4                                 L17:
   314 000003B4 56                              	PUSH	ESI
   315 000003B5 57                              	PUSH	EDI
   316 000003B6 68 [00000000]                   	PUSH	LC0
   317 000003BB 53                              	PUSH	EBX
   318 000003BC E8 [00000000]                   	CALL	_sprintf
   319 000003C1 6A 0F                           	PUSH	15
   320 000003C3 6A 4F                           	PUSH	79
   321 000003C5 6A 00                           	PUSH	0
   322 000003C7 6A 00                           	PUSH	0
   323 000003C9 6A 0E                           	PUSH	14
   324 000003CB 0F BF 05 00000FF4               	MOVSX	EAX,WORD [4084]
   325 000003D2 50                              	PUSH	EAX
   326 000003D3 FF B5 FFFFFE08                  	PUSH	DWORD [-504+EBP]
   327 000003D9 E8 [00000000]                   	CALL	_boxfill8
   328 000003DE 83 C4 2C                        	ADD	ESP,44
   329 000003E1 53                              	PUSH	EBX
   330 000003E2 6A 07                           	PUSH	7
   331 000003E4 6A 00                           	PUSH	0
   332 000003E6 6A 00                           	PUSH	0
   333 000003E8 0F BF 05 00000FF4               	MOVSX	EAX,WORD [4084]
   334 000003EF 50                              	PUSH	EAX
   335 000003F0 FF B5 FFFFFE08                  	PUSH	DWORD [-504+EBP]
   336 000003F6 E8 [00000000]                   	CALL	_putfonts8_asc
   337 000003FB 6A 10                           	PUSH	16
   338 000003FD 6A 50                           	PUSH	80
   339 000003FF 6A 00                           	PUSH	0
   340 00000401 6A 00                           	PUSH	0
   341 00000403 FF B5 FFFFFE10                  	PUSH	DWORD [-496+EBP]
   342 00000409 E8 [00000000]                   	CALL	_sheet_refresh
   343 0000040E 83 C4 2C                        	ADD	ESP,44
   344 00000411 56                              	PUSH	ESI
   345 00000412 57                              	PUSH	EDI
   346 00000413 FF B5 FFFFFE0C                  	PUSH	DWORD [-500+EBP]
   347 00000419 E8 [00000000]                   	CALL	_sheet_slide
   348 0000041E 83 C4 0C                        	ADD	ESP,12
   349 00000421 E9 FFFFFE4B                     	JMP	L2
   350 00000426                                 L21:
   351 00000426 31 F6                           	XOR	ESI,ESI
   352 00000428 E9 FFFFFF68                     	JMP	L15
   353 0000042D                                 L20:
   354 0000042D 31 FF                           	XOR	EDI,EDI
   355 0000042F E9 FFFFFF59                     	JMP	L14
   356 00000434                                 L19:
   357 00000434 68 [00000000]                   	PUSH	_keyfifo
   358 00000439 E8 [00000000]                   	CALL	_fifo8_get
   359 0000043E 89 C3                           	MOV	EBX,EAX
   360 00000440 E8 [00000000]                   	CALL	_io_sti
   361 00000445 53                              	PUSH	EBX
   362 00000446 8D 5D C4                        	LEA	EBX,DWORD [-60+EBP]
   363 00000449 68 [00000030]                   	PUSH	LC2
   364 0000044E 53                              	PUSH	EBX
   365 0000044F E8 [00000000]                   	CALL	_sprintf
   366 00000454 6A 1F                           	PUSH	31
   367 00000456 6A 0F                           	PUSH	15
   368 00000458 6A 10                           	PUSH	16
   369 0000045A 6A 00                           	PUSH	0
   370 0000045C 6A 0E                           	PUSH	14
   371 0000045E 0F BF 05 00000FF4               	MOVSX	EAX,WORD [4084]
   372 00000465 50                              	PUSH	EAX
   373 00000466 FF B5 FFFFFE08                  	PUSH	DWORD [-504+EBP]
   374 0000046C E8 [00000000]                   	CALL	_boxfill8
   375 00000471 83 C4 2C                        	ADD	ESP,44
   376 00000474 53                              	PUSH	EBX
   377 00000475 6A 07                           	PUSH	7
   378 00000477 6A 10                           	PUSH	16
   379 00000479 6A 00                           	PUSH	0
   380 0000047B 0F BF 05 00000FF4               	MOVSX	EAX,WORD [4084]
   381 00000482 50                              	PUSH	EAX
   382 00000483 FF B5 FFFFFE08                  	PUSH	DWORD [-504+EBP]
   383 00000489 E8 [00000000]                   	CALL	_putfonts8_asc
   384 0000048E 6A 20                           	PUSH	32
   385 00000490 6A 10                           	PUSH	16
   386 00000492 6A 10                           	PUSH	16
   387 00000494 6A 00                           	PUSH	0
   388 00000496 FF B5 FFFFFE10                  	PUSH	DWORD [-496+EBP]
   389 0000049C E8 [00000000]                   	CALL	_sheet_refresh
   390 000004A1 83 C4 2C                        	ADD	ESP,44
   391 000004A4 E9 FFFFFDC8                     	JMP	L2
   392 000004A9                                 L18:
   393 000004A9 E8 [00000000]                   	CALL	_io_stihlt
   394 000004AE E9 FFFFFDBE                     	JMP	L2
