     1 00000000                                 [FORMAT "WCOFF"]
     2 00000000                                 [INSTRSET "i486p"]
     3 00000000                                 [OPTIMIZE 1]
     4 00000000                                 [OPTION 1]
     5 00000000                                 [BITS 32]
     6 00000000                                 	EXTERN	_load_gdtr
     7 00000000                                 	EXTERN	_load_idtr
     8 00000000                                 	EXTERN	_asm_inthandler20
     9 00000000                                 	EXTERN	_asm_inthandler21
    10 00000000                                 	EXTERN	_asm_inthandler27
    11 00000000                                 	EXTERN	_asm_inthandler2c
    12 00000000                                 [FILE "dsctbl.c"]
    13                                          [SECTION .data]
    14 00000000                                 _keytable:
    15 00000000 00                              	DB	0
    16 00000001 00                              	DB	0
    17 00000002 31                              	DB	49
    18 00000003 32                              	DB	50
    19 00000004 33                              	DB	51
    20 00000005 34                              	DB	52
    21 00000006 35                              	DB	53
    22 00000007 36                              	DB	54
    23 00000008 37                              	DB	55
    24 00000009 38                              	DB	56
    25 0000000A 39                              	DB	57
    26 0000000B 30                              	DB	48
    27 0000000C 2D                              	DB	45
    28 0000000D 5E                              	DB	94
    29 0000000E 00                              	DB	0
    30 0000000F 00                              	DB	0
    31 00000010 51                              	DB	81
    32 00000011 57                              	DB	87
    33 00000012 45                              	DB	69
    34 00000013 52                              	DB	82
    35 00000014 54                              	DB	84
    36 00000015 59                              	DB	89
    37 00000016 55                              	DB	85
    38 00000017 49                              	DB	73
    39 00000018 4F                              	DB	79
    40 00000019 50                              	DB	80
    41 0000001A 40                              	DB	64
    42 0000001B 5B                              	DB	91
    43 0000001C 00                              	DB	0
    44 0000001D 00                              	DB	0
    45 0000001E 41                              	DB	65
    46 0000001F 53                              	DB	83
    47 00000020 44                              	DB	68
    48 00000021 46                              	DB	70
    49 00000022 47                              	DB	71
    50 00000023 48                              	DB	72
    51 00000024 4A                              	DB	74
    52 00000025 4B                              	DB	75
    53 00000026 4C                              	DB	76
    54 00000027 3B                              	DB	59
    55 00000028 3A                              	DB	58
    56 00000029 00                              	DB	0
    57 0000002A 00                              	DB	0
    58 0000002B 5D                              	DB	93
    59 0000002C 5A                              	DB	90
    60 0000002D 58                              	DB	88
    61 0000002E 43                              	DB	67
    62 0000002F 56                              	DB	86
    63 00000030 42                              	DB	66
    64 00000031 4E                              	DB	78
    65 00000032 4D                              	DB	77
    66 00000033 2C                              	DB	44
    67 00000034 2E                              	DB	46
    68 00000035 2F                              	DB	47
    69 00000036 00                              	DB	0
    70 00000037 2A                              	DB	42
    71 00000038 00                              	DB	0
    72 00000039 20                              	DB	32
    73 0000003A 00                              	DB	0
    74 0000003B 00                              	DB	0
    75 0000003C 00                              	DB	0
    76 0000003D 00                              	DB	0
    77 0000003E 00                              	DB	0
    78 0000003F 00                              	DB	0
    79 00000040 00                              	DB	0
    80 00000041 00                              	DB	0
    81 00000042 00                              	DB	0
    82 00000043 00                              	DB	0
    83 00000044 00                              	DB	0
    84 00000045 00                              	DB	0
    85 00000046 00                              	DB	0
    86 00000047 37                              	DB	55
    87 00000048 38                              	DB	56
    88 00000049 39                              	DB	57
    89 0000004A 2D                              	DB	45
    90 0000004B 34                              	DB	52
    91 0000004C 35                              	DB	53
    92 0000004D 36                              	DB	54
    93 0000004E 2B                              	DB	43
    94 0000004F 31                              	DB	49
    95 00000050 32                              	DB	50
    96 00000051 33                              	DB	51
    97 00000052 30                              	DB	48
    98 00000053 2E                              	DB	46
    99                                          [SECTION .text]
   100 00000000                                 	GLOBAL	_init_gdtidt
   101 00000000                                 _init_gdtidt:
   102 00000000 55                              	PUSH	EBP
   103 00000001 89 E5                           	MOV	EBP,ESP
   104 00000003 56                              	PUSH	ESI
   105 00000004 53                              	PUSH	EBX
   106 00000005 BE 00270000                     	MOV	ESI,2555904
   107 0000000A BB 00001FFF                     	MOV	EBX,8191
   108 0000000F                                 L6:
   109 0000000F 6A 00                           	PUSH	0
   110 00000011 6A 00                           	PUSH	0
   111 00000013 6A 00                           	PUSH	0
   112 00000015 56                              	PUSH	ESI
   113 00000016 83 C6 08                        	ADD	ESI,8
   114 00000019 E8 000000D6                     	CALL	_set_segmdesc
   115 0000001E 83 C4 10                        	ADD	ESP,16
   116 00000021 4B                              	DEC	EBX
   117 00000022 79 EB                           	JNS	L6
   118 00000024 68 00004092                     	PUSH	16530
   119 00000029 BE 0026F800                     	MOV	ESI,2553856
   120 0000002E 6A 00                           	PUSH	0
   121 00000030 BB 000000FF                     	MOV	EBX,255
   122 00000035 6A FF                           	PUSH	-1
   123 00000037 68 00270008                     	PUSH	2555912
   124 0000003C E8 000000B3                     	CALL	_set_segmdesc
   125 00000041 68 0000409A                     	PUSH	16538
   126 00000046 68 00280000                     	PUSH	2621440
   127 0000004B 68 0007FFFF                     	PUSH	524287
   128 00000050 68 00270010                     	PUSH	2555920
   129 00000055 E8 0000009A                     	CALL	_set_segmdesc
   130 0000005A 83 C4 20                        	ADD	ESP,32
   131 0000005D 68 00270000                     	PUSH	2555904
   132 00000062 68 0000FFFF                     	PUSH	65535
   133 00000067 E8 [00000000]                   	CALL	_load_gdtr
   134 0000006C 58                              	POP	EAX
   135 0000006D 5A                              	POP	EDX
   136 0000006E                                 L11:
   137 0000006E 6A 00                           	PUSH	0
   138 00000070 6A 00                           	PUSH	0
   139 00000072 6A 00                           	PUSH	0
   140 00000074 56                              	PUSH	ESI
   141 00000075 83 C6 08                        	ADD	ESI,8
   142 00000078 E8 000000C1                     	CALL	_set_gatedesc
   143 0000007D 83 C4 10                        	ADD	ESP,16
   144 00000080 4B                              	DEC	EBX
   145 00000081 79 EB                           	JNS	L11
   146 00000083 68 0026F800                     	PUSH	2553856
   147 00000088 68 000007FF                     	PUSH	2047
   148 0000008D E8 [00000000]                   	CALL	_load_idtr
   149 00000092 68 0000008E                     	PUSH	142
   150 00000097 6A 10                           	PUSH	16
   151 00000099 68 [00000000]                   	PUSH	_asm_inthandler20
   152 0000009E 68 0026F900                     	PUSH	2554112
   153 000000A3 E8 00000096                     	CALL	_set_gatedesc
   154 000000A8 68 0000008E                     	PUSH	142
   155 000000AD 6A 10                           	PUSH	16
   156 000000AF 68 [00000000]                   	PUSH	_asm_inthandler21
   157 000000B4 68 0026F908                     	PUSH	2554120
   158 000000B9 E8 00000080                     	CALL	_set_gatedesc
   159 000000BE 83 C4 28                        	ADD	ESP,40
   160 000000C1 68 0000008E                     	PUSH	142
   161 000000C6 6A 10                           	PUSH	16
   162 000000C8 68 [00000000]                   	PUSH	_asm_inthandler27
   163 000000CD 68 0026F938                     	PUSH	2554168
   164 000000D2 E8 00000067                     	CALL	_set_gatedesc
   165 000000D7 68 0000008E                     	PUSH	142
   166 000000DC 6A 10                           	PUSH	16
   167 000000DE 68 [00000000]                   	PUSH	_asm_inthandler2c
   168 000000E3 68 0026F960                     	PUSH	2554208
   169 000000E8 E8 00000051                     	CALL	_set_gatedesc
   170 000000ED 8D 65 F8                        	LEA	ESP,DWORD [-8+EBP]
   171 000000F0 5B                              	POP	EBX
   172 000000F1 5E                              	POP	ESI
   173 000000F2 5D                              	POP	EBP
   174 000000F3 C3                              	RET
   175 000000F4                                 	GLOBAL	_set_segmdesc
   176 000000F4                                 _set_segmdesc:
   177 000000F4 55                              	PUSH	EBP
   178 000000F5 89 E5                           	MOV	EBP,ESP
   179 000000F7 53                              	PUSH	EBX
   180 000000F8 8B 55 0C                        	MOV	EDX,DWORD [12+EBP]
   181 000000FB 8B 4D 10                        	MOV	ECX,DWORD [16+EBP]
   182 000000FE 8B 5D 08                        	MOV	EBX,DWORD [8+EBP]
   183 00000101 8B 45 14                        	MOV	EAX,DWORD [20+EBP]
   184 00000104 81 FA 000FFFFF                  	CMP	EDX,1048575
   185 0000010A 76 08                           	JBE	L17
   186 0000010C C1 EA 0C                        	SHR	EDX,12
   187 0000010F 0D 00008000                     	OR	EAX,32768
   188 00000114                                 L17:
   189 00000114 66 89 13                        	MOV	WORD [EBX],DX
   190 00000117 88 43 05                        	MOV	BYTE [5+EBX],AL
   191 0000011A C1 EA 10                        	SHR	EDX,16
   192 0000011D C1 F8 08                        	SAR	EAX,8
   193 00000120 83 E2 0F                        	AND	EDX,15
   194 00000123 66 89 4B 02                     	MOV	WORD [2+EBX],CX
   195 00000127 83 E0 F0                        	AND	EAX,-16
   196 0000012A C1 F9 10                        	SAR	ECX,16
   197 0000012D 09 C2                           	OR	EDX,EAX
   198 0000012F 88 4B 04                        	MOV	BYTE [4+EBX],CL
   199 00000132 88 53 06                        	MOV	BYTE [6+EBX],DL
   200 00000135 C1 F9 08                        	SAR	ECX,8
   201 00000138 88 4B 07                        	MOV	BYTE [7+EBX],CL
   202 0000013B 5B                              	POP	EBX
   203 0000013C 5D                              	POP	EBP
   204 0000013D C3                              	RET
   205 0000013E                                 	GLOBAL	_set_gatedesc
   206 0000013E                                 _set_gatedesc:
   207 0000013E 55                              	PUSH	EBP
   208 0000013F 89 E5                           	MOV	EBP,ESP
   209 00000141 53                              	PUSH	EBX
   210 00000142 8B 55 08                        	MOV	EDX,DWORD [8+EBP]
   211 00000145 8B 45 10                        	MOV	EAX,DWORD [16+EBP]
   212 00000148 8B 5D 14                        	MOV	EBX,DWORD [20+EBP]
   213 0000014B 8B 4D 0C                        	MOV	ECX,DWORD [12+EBP]
   214 0000014E 66 89 42 02                     	MOV	WORD [2+EDX],AX
   215 00000152 88 5A 05                        	MOV	BYTE [5+EDX],BL
   216 00000155 66 89 0A                        	MOV	WORD [EDX],CX
   217 00000158 89 D8                           	MOV	EAX,EBX
   218 0000015A C1 F8 08                        	SAR	EAX,8
   219 0000015D C1 F9 10                        	SAR	ECX,16
   220 00000160 88 42 04                        	MOV	BYTE [4+EDX],AL
   221 00000163 66 89 4A 06                     	MOV	WORD [6+EDX],CX
   222 00000167 5B                              	POP	EBX
   223 00000168 5D                              	POP	EBP
   224 00000169 C3                              	RET
