     1 00000000                                 [FORMAT "WCOFF"]
     2 00000000                                 [INSTRSET "i486p"]
     3 00000000                                 [OPTIMIZE 1]
     4 00000000                                 [OPTION 1]
     5 00000000                                 [BITS 32]
     6 00000000                                 [FILE "fifo.c"]
     7                                          [SECTION .data]
     8 00000000                                 _keytable:
     9 00000000 00                              	DB	0
    10 00000001 00                              	DB	0
    11 00000002 31                              	DB	49
    12 00000003 32                              	DB	50
    13 00000004 33                              	DB	51
    14 00000005 34                              	DB	52
    15 00000006 35                              	DB	53
    16 00000007 36                              	DB	54
    17 00000008 37                              	DB	55
    18 00000009 38                              	DB	56
    19 0000000A 39                              	DB	57
    20 0000000B 30                              	DB	48
    21 0000000C 2D                              	DB	45
    22 0000000D 5E                              	DB	94
    23 0000000E 00                              	DB	0
    24 0000000F 00                              	DB	0
    25 00000010 51                              	DB	81
    26 00000011 57                              	DB	87
    27 00000012 45                              	DB	69
    28 00000013 52                              	DB	82
    29 00000014 54                              	DB	84
    30 00000015 59                              	DB	89
    31 00000016 55                              	DB	85
    32 00000017 49                              	DB	73
    33 00000018 4F                              	DB	79
    34 00000019 50                              	DB	80
    35 0000001A 40                              	DB	64
    36 0000001B 5B                              	DB	91
    37 0000001C 00                              	DB	0
    38 0000001D 00                              	DB	0
    39 0000001E 41                              	DB	65
    40 0000001F 53                              	DB	83
    41 00000020 44                              	DB	68
    42 00000021 46                              	DB	70
    43 00000022 47                              	DB	71
    44 00000023 48                              	DB	72
    45 00000024 4A                              	DB	74
    46 00000025 4B                              	DB	75
    47 00000026 4C                              	DB	76
    48 00000027 3B                              	DB	59
    49 00000028 3A                              	DB	58
    50 00000029 00                              	DB	0
    51 0000002A 00                              	DB	0
    52 0000002B 5D                              	DB	93
    53 0000002C 5A                              	DB	90
    54 0000002D 58                              	DB	88
    55 0000002E 43                              	DB	67
    56 0000002F 56                              	DB	86
    57 00000030 42                              	DB	66
    58 00000031 4E                              	DB	78
    59 00000032 4D                              	DB	77
    60 00000033 2C                              	DB	44
    61 00000034 2E                              	DB	46
    62 00000035 2F                              	DB	47
    63 00000036 00                              	DB	0
    64 00000037 2A                              	DB	42
    65 00000038 00                              	DB	0
    66 00000039 20                              	DB	32
    67 0000003A 00                              	DB	0
    68 0000003B 00                              	DB	0
    69 0000003C 00                              	DB	0
    70 0000003D 00                              	DB	0
    71 0000003E 00                              	DB	0
    72 0000003F 00                              	DB	0
    73 00000040 00                              	DB	0
    74 00000041 00                              	DB	0
    75 00000042 00                              	DB	0
    76 00000043 00                              	DB	0
    77 00000044 00                              	DB	0
    78 00000045 00                              	DB	0
    79 00000046 00                              	DB	0
    80 00000047 37                              	DB	55
    81 00000048 38                              	DB	56
    82 00000049 39                              	DB	57
    83 0000004A 2D                              	DB	45
    84 0000004B 34                              	DB	52
    85 0000004C 35                              	DB	53
    86 0000004D 36                              	DB	54
    87 0000004E 2B                              	DB	43
    88 0000004F 31                              	DB	49
    89 00000050 32                              	DB	50
    90 00000051 33                              	DB	51
    91 00000052 30                              	DB	48
    92 00000053 2E                              	DB	46
    93                                          [SECTION .text]
    94 00000000                                 	GLOBAL	_fifo32_init
    95 00000000                                 _fifo32_init:
    96 00000000 55                              	PUSH	EBP
    97 00000001 89 E5                           	MOV	EBP,ESP
    98 00000003 8B 45 08                        	MOV	EAX,DWORD [8+EBP]
    99 00000006 8B 4D 0C                        	MOV	ECX,DWORD [12+EBP]
   100 00000009 8B 55 10                        	MOV	EDX,DWORD [16+EBP]
   101 0000000C 89 48 0C                        	MOV	DWORD [12+EAX],ECX
   102 0000000F 89 10                           	MOV	DWORD [EAX],EDX
   103 00000011 89 48 10                        	MOV	DWORD [16+EAX],ECX
   104 00000014 C7 40 14 00000000               	MOV	DWORD [20+EAX],0
   105 0000001B C7 40 04 00000000               	MOV	DWORD [4+EAX],0
   106 00000022 C7 40 08 00000000               	MOV	DWORD [8+EAX],0
   107 00000029 5D                              	POP	EBP
   108 0000002A C3                              	RET
   109 0000002B                                 	GLOBAL	_fifo32_put
   110 0000002B                                 _fifo32_put:
   111 0000002B 55                              	PUSH	EBP
   112 0000002C 89 E5                           	MOV	EBP,ESP
   113 0000002E 53                              	PUSH	EBX
   114 0000002F 8B 5D 08                        	MOV	EBX,DWORD [8+EBP]
   115 00000032 83 7B 10 00                     	CMP	DWORD [16+EBX],0
   116 00000036 75 0A                           	JNE	L3
   117 00000038 83 4B 14 01                     	OR	DWORD [20+EBX],1
   118 0000003C 83 C8 FF                        	OR	EAX,-1
   119 0000003F                                 L2:
   120 0000003F 5B                              	POP	EBX
   121 00000040 5D                              	POP	EBP
   122 00000041 C3                              	RET
   123 00000042                                 L3:
   124 00000042 8B 4B 04                        	MOV	ECX,DWORD [4+EBX]
   125 00000045 8B 13                           	MOV	EDX,DWORD [EBX]
   126 00000047 8B 45 0C                        	MOV	EAX,DWORD [12+EBP]
   127 0000004A 89 04 8A                        	MOV	DWORD [EDX+ECX*4],EAX
   128 0000004D 8B 43 04                        	MOV	EAX,DWORD [4+EBX]
   129 00000050 40                              	INC	EAX
   130 00000051 89 43 04                        	MOV	DWORD [4+EBX],EAX
   131 00000054 3B 43 0C                        	CMP	EAX,DWORD [12+EBX]
   132 00000057 74 07                           	JE	L5
   133 00000059                                 L4:
   134 00000059 FF 4B 10                        	DEC	DWORD [16+EBX]
   135 0000005C 31 C0                           	XOR	EAX,EAX
   136 0000005E EB DF                           	JMP	L2
   137 00000060                                 L5:
   138 00000060 C7 43 04 00000000               	MOV	DWORD [4+EBX],0
   139 00000067 EB F0                           	JMP	L4
   140 00000069                                 	GLOBAL	_fifo32_get
   141 00000069                                 _fifo32_get:
   142 00000069 55                              	PUSH	EBP
   143 0000006A 83 C8 FF                        	OR	EAX,-1
   144 0000006D 89 E5                           	MOV	EBP,ESP
   145 0000006F 56                              	PUSH	ESI
   146 00000070 53                              	PUSH	EBX
   147 00000071 8B 4D 08                        	MOV	ECX,DWORD [8+EBP]
   148 00000074 8B 71 10                        	MOV	ESI,DWORD [16+ECX]
   149 00000077 8B 59 0C                        	MOV	EBX,DWORD [12+ECX]
   150 0000007A 39 DE                           	CMP	ESI,EBX
   151 0000007C 74 18                           	JE	L6
   152 0000007E 8B 41 08                        	MOV	EAX,DWORD [8+ECX]
   153 00000081 8B 11                           	MOV	EDX,DWORD [ECX]
   154 00000083 8B 14 82                        	MOV	EDX,DWORD [EDX+EAX*4]
   155 00000086 40                              	INC	EAX
   156 00000087 89 41 08                        	MOV	DWORD [8+ECX],EAX
   157 0000008A 39 D8                           	CMP	EAX,EBX
   158 0000008C 74 0C                           	JE	L9
   159 0000008E                                 L8:
   160 0000008E 8D 46 01                        	LEA	EAX,DWORD [1+ESI]
   161 00000091 89 41 10                        	MOV	DWORD [16+ECX],EAX
   162 00000094 89 D0                           	MOV	EAX,EDX
   163 00000096                                 L6:
   164 00000096 5B                              	POP	EBX
   165 00000097 5E                              	POP	ESI
   166 00000098 5D                              	POP	EBP
   167 00000099 C3                              	RET
   168 0000009A                                 L9:
   169 0000009A C7 41 08 00000000               	MOV	DWORD [8+ECX],0
   170 000000A1 EB EB                           	JMP	L8
   171 000000A3                                 	GLOBAL	_fifo32_status
   172 000000A3                                 _fifo32_status:
   173 000000A3 55                              	PUSH	EBP
   174 000000A4 89 E5                           	MOV	EBP,ESP
   175 000000A6 8B 55 08                        	MOV	EDX,DWORD [8+EBP]
   176 000000A9 5D                              	POP	EBP
   177 000000AA 8B 42 0C                        	MOV	EAX,DWORD [12+EDX]
   178 000000AD 2B 42 10                        	SUB	EAX,DWORD [16+EDX]
   179 000000B0 C3                              	RET
