     1 00000000                                 [FORMAT "WCOFF"]
     2 00000000                                 [INSTRSET "i486p"]
     3 00000000                                 [OPTIMIZE 1]
     4 00000000                                 [OPTION 1]
     5 00000000                                 [BITS 32]
     6 00000000                                 	EXTERN	_io_out8
     7 00000000                                 	EXTERN	_io_in8
     8 00000000                                 	EXTERN	_fifo32_put
     9 00000000                                 [FILE "keyboard.c"]
    10                                          [SECTION .data]
    11 00000000                                 _keytable:
    12 00000000 00                              	DB	0
    13 00000001 00                              	DB	0
    14 00000002 31                              	DB	49
    15 00000003 32                              	DB	50
    16 00000004 33                              	DB	51
    17 00000005 34                              	DB	52
    18 00000006 35                              	DB	53
    19 00000007 36                              	DB	54
    20 00000008 37                              	DB	55
    21 00000009 38                              	DB	56
    22 0000000A 39                              	DB	57
    23 0000000B 30                              	DB	48
    24 0000000C 2D                              	DB	45
    25 0000000D 5E                              	DB	94
    26 0000000E 00                              	DB	0
    27 0000000F 00                              	DB	0
    28 00000010 51                              	DB	81
    29 00000011 57                              	DB	87
    30 00000012 45                              	DB	69
    31 00000013 52                              	DB	82
    32 00000014 54                              	DB	84
    33 00000015 59                              	DB	89
    34 00000016 55                              	DB	85
    35 00000017 49                              	DB	73
    36 00000018 4F                              	DB	79
    37 00000019 50                              	DB	80
    38 0000001A 40                              	DB	64
    39 0000001B 5B                              	DB	91
    40 0000001C 00                              	DB	0
    41 0000001D 00                              	DB	0
    42 0000001E 41                              	DB	65
    43 0000001F 53                              	DB	83
    44 00000020 44                              	DB	68
    45 00000021 46                              	DB	70
    46 00000022 47                              	DB	71
    47 00000023 48                              	DB	72
    48 00000024 4A                              	DB	74
    49 00000025 4B                              	DB	75
    50 00000026 4C                              	DB	76
    51 00000027 3B                              	DB	59
    52 00000028 3A                              	DB	58
    53 00000029 00                              	DB	0
    54 0000002A 00                              	DB	0
    55 0000002B 5D                              	DB	93
    56 0000002C 5A                              	DB	90
    57 0000002D 58                              	DB	88
    58 0000002E 43                              	DB	67
    59 0000002F 56                              	DB	86
    60 00000030 42                              	DB	66
    61 00000031 4E                              	DB	78
    62 00000032 4D                              	DB	77
    63 00000033 2C                              	DB	44
    64 00000034 2E                              	DB	46
    65 00000035 2F                              	DB	47
    66 00000036 00                              	DB	0
    67 00000037 2A                              	DB	42
    68 00000038 00                              	DB	0
    69 00000039 20                              	DB	32
    70 0000003A 00                              	DB	0
    71 0000003B 00                              	DB	0
    72 0000003C 00                              	DB	0
    73 0000003D 00                              	DB	0
    74 0000003E 00                              	DB	0
    75 0000003F 00                              	DB	0
    76 00000040 00                              	DB	0
    77 00000041 00                              	DB	0
    78 00000042 00                              	DB	0
    79 00000043 00                              	DB	0
    80 00000044 00                              	DB	0
    81 00000045 00                              	DB	0
    82 00000046 00                              	DB	0
    83 00000047 37                              	DB	55
    84 00000048 38                              	DB	56
    85 00000049 39                              	DB	57
    86 0000004A 2D                              	DB	45
    87 0000004B 34                              	DB	52
    88 0000004C 35                              	DB	53
    89 0000004D 36                              	DB	54
    90 0000004E 2B                              	DB	43
    91 0000004F 31                              	DB	49
    92 00000050 32                              	DB	50
    93 00000051 33                              	DB	51
    94 00000052 30                              	DB	48
    95 00000053 2E                              	DB	46
    96                                          [SECTION .text]
    97 00000000                                 	GLOBAL	_inthandler21
    98 00000000                                 _inthandler21:
    99 00000000 55                              	PUSH	EBP
   100 00000001 89 E5                           	MOV	EBP,ESP
   101 00000003 6A 61                           	PUSH	97
   102 00000005 6A 20                           	PUSH	32
   103 00000007 E8 [00000000]                   	CALL	_io_out8
   104 0000000C 6A 60                           	PUSH	96
   105 0000000E E8 [00000000]                   	CALL	_io_in8
   106 00000013 03 05 [00000058]                	ADD	EAX,DWORD [_keydata0]
   107 00000019 50                              	PUSH	EAX
   108 0000001A FF 35 [00000054]                	PUSH	DWORD [_keyfifo]
   109 00000020 E8 [00000000]                   	CALL	_fifo32_put
   110 00000025 C9                              	LEAVE
   111 00000026 C3                              	RET
   112 00000027                                 	GLOBAL	_wait_KBC_sendready
   113 00000027                                 _wait_KBC_sendready:
   114 00000027 55                              	PUSH	EBP
   115 00000028 89 E5                           	MOV	EBP,ESP
   116 0000002A                                 L3:
   117 0000002A 6A 64                           	PUSH	100
   118 0000002C E8 [00000000]                   	CALL	_io_in8
   119 00000031 5A                              	POP	EDX
   120 00000032 83 E0 02                        	AND	EAX,2
   121 00000035 75 F3                           	JNE	L3
   122 00000037 C9                              	LEAVE
   123 00000038 C3                              	RET
   124 00000039                                 	GLOBAL	_init_keyboard
   125 00000039                                 _init_keyboard:
   126 00000039 55                              	PUSH	EBP
   127 0000003A 89 E5                           	MOV	EBP,ESP
   128 0000003C 8B 45 08                        	MOV	EAX,DWORD [8+EBP]
   129 0000003F A3 [00000054]                   	MOV	DWORD [_keyfifo],EAX
   130 00000044 8B 45 0C                        	MOV	EAX,DWORD [12+EBP]
   131 00000047 A3 [00000058]                   	MOV	DWORD [_keydata0],EAX
   132 0000004C E8 FFFFFFD6                     	CALL	_wait_KBC_sendready
   133 00000051 6A 60                           	PUSH	96
   134 00000053 6A 64                           	PUSH	100
   135 00000055 E8 [00000000]                   	CALL	_io_out8
   136 0000005A E8 FFFFFFC8                     	CALL	_wait_KBC_sendready
   137 0000005F 59                              	POP	ECX
   138 00000060 58                              	POP	EAX
   139 00000061 C7 45 0C 00000047               	MOV	DWORD [12+EBP],71
   140 00000068 C7 45 08 00000060               	MOV	DWORD [8+EBP],96
   141 0000006F C9                              	LEAVE
   142 00000070 E9 [00000000]                   	JMP	_io_out8
   143 00000075                                 	GLOBAL	_keyfifo
   144                                          [SECTION .data]
   145 00000054                                 	ALIGNB	4
   146 00000054                                 _keyfifo:
   147 00000054 00 00 00 00                     	RESB	4
   148 00000058                                 	GLOBAL	_keydata0
   149                                          [SECTION .data]
   150 00000058                                 	ALIGNB	4
   151 00000058                                 _keydata0:
   152 00000058 00 00 00 00                     	RESB	4
