     1 00000000                                 [FORMAT "WCOFF"]
     2 00000000                                 [INSTRSET "i486p"]
     3 00000000                                 [OPTIMIZE 1]
     4 00000000                                 [OPTION 1]
     5 00000000                                 [BITS 32]
     6 00000000                                 	EXTERN	_io_out8
     7 00000000                                 	EXTERN	_io_in8
     8 00000000                                 	EXTERN	_fifo32_put
     9 00000000                                 	EXTERN	_wait_KBC_sendready
    10 00000000                                 [FILE "mouse.c"]
    11                                          [SECTION .data]
    12 00000000                                 _keytable:
    13 00000000 00                              	DB	0
    14 00000001 00                              	DB	0
    15 00000002 31                              	DB	49
    16 00000003 32                              	DB	50
    17 00000004 33                              	DB	51
    18 00000005 34                              	DB	52
    19 00000006 35                              	DB	53
    20 00000007 36                              	DB	54
    21 00000008 37                              	DB	55
    22 00000009 38                              	DB	56
    23 0000000A 39                              	DB	57
    24 0000000B 30                              	DB	48
    25 0000000C 2D                              	DB	45
    26 0000000D 5E                              	DB	94
    27 0000000E 00                              	DB	0
    28 0000000F 00                              	DB	0
    29 00000010 51                              	DB	81
    30 00000011 57                              	DB	87
    31 00000012 45                              	DB	69
    32 00000013 52                              	DB	82
    33 00000014 54                              	DB	84
    34 00000015 59                              	DB	89
    35 00000016 55                              	DB	85
    36 00000017 49                              	DB	73
    37 00000018 4F                              	DB	79
    38 00000019 50                              	DB	80
    39 0000001A 40                              	DB	64
    40 0000001B 5B                              	DB	91
    41 0000001C 00                              	DB	0
    42 0000001D 00                              	DB	0
    43 0000001E 41                              	DB	65
    44 0000001F 53                              	DB	83
    45 00000020 44                              	DB	68
    46 00000021 46                              	DB	70
    47 00000022 47                              	DB	71
    48 00000023 48                              	DB	72
    49 00000024 4A                              	DB	74
    50 00000025 4B                              	DB	75
    51 00000026 4C                              	DB	76
    52 00000027 3B                              	DB	59
    53 00000028 3A                              	DB	58
    54 00000029 00                              	DB	0
    55 0000002A 00                              	DB	0
    56 0000002B 5D                              	DB	93
    57 0000002C 5A                              	DB	90
    58 0000002D 58                              	DB	88
    59 0000002E 43                              	DB	67
    60 0000002F 56                              	DB	86
    61 00000030 42                              	DB	66
    62 00000031 4E                              	DB	78
    63 00000032 4D                              	DB	77
    64 00000033 2C                              	DB	44
    65 00000034 2E                              	DB	46
    66 00000035 2F                              	DB	47
    67 00000036 00                              	DB	0
    68 00000037 2A                              	DB	42
    69 00000038 00                              	DB	0
    70 00000039 20                              	DB	32
    71 0000003A 00                              	DB	0
    72 0000003B 00                              	DB	0
    73 0000003C 00                              	DB	0
    74 0000003D 00                              	DB	0
    75 0000003E 00                              	DB	0
    76 0000003F 00                              	DB	0
    77 00000040 00                              	DB	0
    78 00000041 00                              	DB	0
    79 00000042 00                              	DB	0
    80 00000043 00                              	DB	0
    81 00000044 00                              	DB	0
    82 00000045 00                              	DB	0
    83 00000046 00                              	DB	0
    84 00000047 37                              	DB	55
    85 00000048 38                              	DB	56
    86 00000049 39                              	DB	57
    87 0000004A 2D                              	DB	45
    88 0000004B 34                              	DB	52
    89 0000004C 35                              	DB	53
    90 0000004D 36                              	DB	54
    91 0000004E 2B                              	DB	43
    92 0000004F 31                              	DB	49
    93 00000050 32                              	DB	50
    94 00000051 33                              	DB	51
    95 00000052 30                              	DB	48
    96 00000053 2E                              	DB	46
    97                                          [SECTION .text]
    98 00000000                                 	GLOBAL	_inthandler2c
    99 00000000                                 _inthandler2c:
   100 00000000 55                              	PUSH	EBP
   101 00000001 89 E5                           	MOV	EBP,ESP
   102 00000003 6A 64                           	PUSH	100
   103 00000005 68 000000A0                     	PUSH	160
   104 0000000A E8 [00000000]                   	CALL	_io_out8
   105 0000000F 6A 62                           	PUSH	98
   106 00000011 6A 20                           	PUSH	32
   107 00000013 E8 [00000000]                   	CALL	_io_out8
   108 00000018 6A 60                           	PUSH	96
   109 0000001A E8 [00000000]                   	CALL	_io_in8
   110 0000001F 03 05 [00000058]                	ADD	EAX,DWORD [_mousedata0]
   111 00000025 50                              	PUSH	EAX
   112 00000026 FF 35 [00000054]                	PUSH	DWORD [_mousefifo]
   113 0000002C E8 [00000000]                   	CALL	_fifo32_put
   114 00000031 C9                              	LEAVE
   115 00000032 C3                              	RET
   116 00000033                                 	GLOBAL	_enable_mouse
   117 00000033                                 _enable_mouse:
   118 00000033 55                              	PUSH	EBP
   119 00000034 89 E5                           	MOV	EBP,ESP
   120 00000036 8B 45 08                        	MOV	EAX,DWORD [8+EBP]
   121 00000039 A3 [00000054]                   	MOV	DWORD [_mousefifo],EAX
   122 0000003E 8B 45 0C                        	MOV	EAX,DWORD [12+EBP]
   123 00000041 A3 [00000058]                   	MOV	DWORD [_mousedata0],EAX
   124 00000046 E8 [00000000]                   	CALL	_wait_KBC_sendready
   125 0000004B 68 000000D4                     	PUSH	212
   126 00000050 6A 64                           	PUSH	100
   127 00000052 E8 [00000000]                   	CALL	_io_out8
   128 00000057 E8 [00000000]                   	CALL	_wait_KBC_sendready
   129 0000005C 68 000000F4                     	PUSH	244
   130 00000061 6A 60                           	PUSH	96
   131 00000063 E8 [00000000]                   	CALL	_io_out8
   132 00000068 8B 45 10                        	MOV	EAX,DWORD [16+EBP]
   133 0000006B C6 40 03 00                     	MOV	BYTE [3+EAX],0
   134 0000006F C9                              	LEAVE
   135 00000070 C3                              	RET
   136 00000071                                 	GLOBAL	_mouse_decode
   137 00000071                                 _mouse_decode:
   138 00000071 55                              	PUSH	EBP
   139 00000072 89 E5                           	MOV	EBP,ESP
   140 00000074 56                              	PUSH	ESI
   141 00000075 53                              	PUSH	EBX
   142 00000076 8B 55 08                        	MOV	EDX,DWORD [8+EBP]
   143 00000079 8B 4D 0C                        	MOV	ECX,DWORD [12+EBP]
   144 0000007C 89 CE                           	MOV	ESI,ECX
   145 0000007E 8A 42 03                        	MOV	AL,BYTE [3+EDX]
   146 00000081 84 C0                           	TEST	AL,AL
   147 00000083 75 11                           	JNE	L4
   148 00000085 80 F9 FA                        	CMP	CL,-6
   149 00000088 74 06                           	JE	L13
   150 0000008A                                 L12:
   151 0000008A 31 C0                           	XOR	EAX,EAX
   152 0000008C                                 L3:
   153 0000008C 5B                              	POP	EBX
   154 0000008D 5E                              	POP	ESI
   155 0000008E 5D                              	POP	EBP
   156 0000008F C3                              	RET
   157 00000090                                 L13:
   158 00000090 C6 42 03 01                     	MOV	BYTE [3+EDX],1
   159 00000094 EB F4                           	JMP	L12
   160 00000096                                 L4:
   161 00000096 3C 01                           	CMP	AL,1
   162 00000098 74 61                           	JE	L14
   163 0000009A 3C 02                           	CMP	AL,2
   164 0000009C 74 54                           	JE	L15
   165 0000009E 3C 03                           	CMP	AL,3
   166 000000A0 74 05                           	JE	L16
   167 000000A2 83 C8 FF                        	OR	EAX,-1
   168 000000A5 EB E5                           	JMP	L3
   169 000000A7                                 L16:
   170 000000A7 8A 1A                           	MOV	BL,BYTE [EDX]
   171 000000A9 81 E6 000000FF                  	AND	ESI,255
   172 000000AF 89 D8                           	MOV	EAX,EBX
   173 000000B1 88 4A 02                        	MOV	BYTE [2+EDX],CL
   174 000000B4 83 E0 07                        	AND	EAX,7
   175 000000B7 89 72 08                        	MOV	DWORD [8+EDX],ESI
   176 000000BA 89 42 0C                        	MOV	DWORD [12+EDX],EAX
   177 000000BD 88 D8                           	MOV	AL,BL
   178 000000BF 0F B6 4A 01                     	MOVZX	ECX,BYTE [1+EDX]
   179 000000C3 83 E0 10                        	AND	EAX,16
   180 000000C6 89 4A 04                        	MOV	DWORD [4+EDX],ECX
   181 000000C9 C6 42 03 01                     	MOV	BYTE [3+EDX],1
   182 000000CD 84 C0                           	TEST	AL,AL
   183 000000CF 74 09                           	JE	L10
   184 000000D1 81 C9 FFFFFF00                  	OR	ECX,-256
   185 000000D7 89 4A 04                        	MOV	DWORD [4+EDX],ECX
   186 000000DA                                 L10:
   187 000000DA 83 E3 20                        	AND	EBX,32
   188 000000DD 84 DB                           	TEST	BL,BL
   189 000000DF 74 07                           	JE	L11
   190 000000E1 81 4A 08 FFFFFF00               	OR	DWORD [8+EDX],-256
   191 000000E8                                 L11:
   192 000000E8 F7 5A 08                        	NEG	DWORD [8+EDX]
   193 000000EB B8 00000001                     	MOV	EAX,1
   194 000000F0 EB 9A                           	JMP	L3
   195 000000F2                                 L15:
   196 000000F2 88 4A 01                        	MOV	BYTE [1+EDX],CL
   197 000000F5 C6 42 03 03                     	MOV	BYTE [3+EDX],3
   198 000000F9 EB 8F                           	JMP	L12
   199 000000FB                                 L14:
   200 000000FB 83 E6 C8                        	AND	ESI,-56
   201 000000FE 89 F0                           	MOV	EAX,ESI
   202 00000100 3C 08                           	CMP	AL,8
   203 00000102 75 86                           	JNE	L12
   204 00000104 88 0A                           	MOV	BYTE [EDX],CL
   205 00000106 C6 42 03 02                     	MOV	BYTE [3+EDX],2
   206 0000010A E9 FFFFFF7B                     	JMP	L12
   207 0000010F                                 	GLOBAL	_mousefifo
   208                                          [SECTION .data]
   209 00000054                                 	ALIGNB	4
   210 00000054                                 _mousefifo:
   211 00000054 00 00 00 00                     	RESB	4
   212 00000058                                 	GLOBAL	_mousedata0
   213                                          [SECTION .data]
   214 00000058                                 	ALIGNB	4
   215 00000058                                 _mousedata0:
   216 00000058 00 00 00 00                     	RESB	4
